<?xml version="1.0" encoding="UTF-8"?>
<!-- Generated by org.testng.reporters.JUnitReportReporter -->
<testsuite skipped="0" hostname="MacBook-Pro.local" name="com.qa.tests.LoginTest" tests="3" failures="0" timestamp="09 Oct 2020 13:27:41 GMT" time="13.690" errors="0">
  <testcase name="invalidUserName" time="3.459" classname="com.qa.tests.LoginTest"/>
  <testcase name="invalidPassword" time="5.638" classname="com.qa.tests.LoginTest"/>
  <testcase name="successfulLogin" time="4.593" classname="com.qa.tests.LoginTest"/>
</testsuite> <!-- com.qa.tests.LoginTest -->
