<?xml version="1.0" encoding="UTF-8"?>
<!-- Generated by org.testng.reporters.JUnitReportReporter -->
<testsuite skipped="0" hostname="MacBook-Pro" name="com.qa.tests.LoginTest" tests="6" failures="0" timestamp="03 Oct 2020 05:36:14 GMT" time="28.177" errors="0">
  <testcase name="invalidPassword" time="5.724" classname="com.qa.tests.LoginTest"/>
  <testcase name="successfulLogin" time="4.754" classname="com.qa.tests.LoginTest"/>
  <testcase name="invalidPassword" time="5.620" classname="com.qa.tests.LoginTest"/>
  <testcase name="successfulLogin" time="4.336" classname="com.qa.tests.LoginTest"/>
  <testcase name="invalidUserName" time="3.830" classname="com.qa.tests.LoginTest"/>
  <testcase name="invalidUserName" time="3.913" classname="com.qa.tests.LoginTest"/>
</testsuite> <!-- com.qa.tests.LoginTest -->
